<?xml version="1.0" encoding="UTF-8"?>
<testsuite xmlns:xsi="http://www.w3.org/2001/XMLSchema-instance" xsi:noNamespaceSchemaLocation="https://maven.apache.org/surefire/maven-surefire-plugin/xsd/surefire-test-report.xsd" version="3.0.2" name="com.parkauto.gestionlocations.GestionlocationsApplicationTests" time="7.951" tests="1" errors="0" skipped="0" failures="0">
  <properties>
[...]
</properties>
  <testcase name="contextLoads" classname="com.parkauto.gestionlocations.GestionlocationsApplicationTests" time="0.475">
    <system-out><![CDATA[11:45:47.623 [main] INFO org.springframework.test.context.support.AnnotationConfigContextLoaderUtils -- Could not detect default configuration classes for test class [com.parkauto.gestionlocations.GestionlocationsApplicationTests]: GestionlocationsApplicationTests does not declare any static, non-private, non-final, nested classes annotated with @Configuration.
11:45:47.851 [main] INFO org.springframework.boot.test.context.SpringBootTestContextBootstrapper -- Found @SpringBootConfiguration com.parkauto.gestionlocations.GestionlocationsApplication for test class com.parkauto.gestionlocations.GestionlocationsApplicationTests
11:45:48.213 [main] INFO org.springframework.boot.devtools.restart.RestartApplicationListener -- Restart disabled due to context in which it is running

  .   ____          _            __ _ _
 /\\ / ___'_ __ _ _(_)_ __  __ _ \ \ \ \
( ( )\___ | '_ | '_| | '_ \/ _` | \ \ \ \
 \\/  ___)| |_)| | | | | || (_| |  ) ) ) )
  '  |____| .__|_| |_|_| |_\__, | / / / /
 =========|_|==============|___/=/_/_/_/

 :: Spring Boot ::                (v3.4.1)

2025-03-05T11:45:48.570+01:00  INFO 90011 --- [gestionlocations] [           main] c.p.g.GestionlocationsApplicationTests   : Starting GestionlocationsApplicationTests using Java 17.0.13 with PID 90011 (started by ibahaddou in /home/ibahaddou/microservice/microauto/gestionlocation)
2025-03-05T11:45:48.572+01:00  INFO 90011 --- [gestionlocations] [           main] c.p.g.GestionlocationsApplicationTests   : No active profile set, falling back to 1 default profile: "default"
2025-03-05T11:45:49.755+01:00  INFO 90011 --- [gestionlocations] [           main] .s.d.r.c.RepositoryConfigurationDelegate : Bootstrapping Spring Data JPA repositories in DEFAULT mode.
2025-03-05T11:45:49.918+01:00  INFO 90011 --- [gestionlocations] [           main] .s.d.r.c.RepositoryConfigurationDelegate : Finished Spring Data repository scanning in 148 ms. Found 1 JPA repository interface.
2025-03-05T11:45:50.243+01:00  INFO 90011 --- [gestionlocations] [           main] o.s.cloud.context.scope.GenericScope     : BeanFactory id=5b7bbb18-247b-3876-94ca-da2e319a3fcc
2025-03-05T11:45:50.829+01:00  INFO 90011 --- [gestionlocations] [           main] com.zaxxer.hikari.HikariDataSource       : HikariPool-1 - Starting...
2025-03-05T11:45:51.058+01:00  INFO 90011 --- [gestionlocations] [           main] com.zaxxer.hikari.pool.HikariPool        : HikariPool-1 - Added connection conn0: url=jdbc:h2:mem:client_db user=SA
2025-03-05T11:45:51.061+01:00  INFO 90011 --- [gestionlocations] [           main] com.zaxxer.hikari.HikariDataSource       : HikariPool-1 - Start completed.
2025-03-05T11:45:51.264+01:00  INFO 90011 --- [gestionlocations] [           main] o.hibernate.jpa.internal.util.LogHelper  : HHH000204: Processing PersistenceUnitInfo [name: default]
2025-03-05T11:45:51.388+01:00  INFO 90011 --- [gestionlocations] [           main] org.hibernate.Version                    : HHH000412: Hibernate ORM core version 6.6.4.Final
2025-03-05T11:45:51.425+01:00  INFO 90011 --- [gestionlocations] [           main] o.h.c.internal.RegionFactoryInitiator    : HHH000026: Second-level cache disabled
2025-03-05T11:45:51.693+01:00  INFO 90011 --- [gestionlocations] [           main] o.s.o.j.p.SpringPersistenceUnitInfo      : No LoadTimeWeaver setup: ignoring JPA class transformer
2025-03-05T11:45:51.796+01:00  INFO 90011 --- [gestionlocations] [           main] org.hibernate.orm.connections.pooling    : HHH10001005: Database info:
	Database JDBC URL [Connecting through datasource 'HikariDataSource (HikariPool-1)']
	Database driver: undefined/unknown
	Database version: 2.3.232
	Autocommit mode: undefined/unknown
	Isolation level: undefined/unknown
	Minimum pool size: undefined/unknown
	Maximum pool size: undefined/unknown
Hibernate: create global temporary table HTE_location(datedebut date, datelocation date, dateretour date, rn_ integer not null, clientid bigint, idlocation bigint, vehiculeid bigint, primary key (rn_)) TRANSACTIONAL
2025-03-05T11:45:52.511+01:00  INFO 90011 --- [gestionlocations] [           main] o.h.e.t.j.p.i.JtaPlatformInitiator       : HHH000489: No JTA platform available (set 'hibernate.transaction.jta.platform' to enable JTA platform integration)
Hibernate: drop table if exists location cascade 
Hibernate: drop sequence if exists location_seq
Hibernate: create sequence location_seq start with 1 increment by 50
Hibernate: create table location (datedebut date, datelocation date, dateretour date, clientid bigint, idlocation bigint not null, vehiculeid bigint, primary key (idlocation))
2025-03-05T11:45:52.536+01:00  INFO 90011 --- [gestionlocations] [           main] j.LocalContainerEntityManagerFactoryBean : Initialized JPA EntityManagerFactory for persistence unit 'default'
2025-03-05T11:45:52.998+01:00  WARN 90011 --- [gestionlocations] [           main] JpaBaseConfiguration$JpaWebConfiguration : spring.jpa.open-in-view is enabled by default. Therefore, database queries may be performed during view rendering. Explicitly configure spring.jpa.open-in-view to disable this warning
2025-03-05T11:45:54.472+01:00  INFO 90011 --- [gestionlocations] [           main] o.s.b.a.h2.H2ConsoleAutoConfiguration    : H2 console available at '/h2-console'. Database available at 'jdbc:h2:mem:client_db'
2025-03-05T11:45:54.552+01:00  INFO 90011 --- [gestionlocations] [           main] DiscoveryClientOptionalArgsConfiguration : Eureka HTTP Client uses RestTemplate.
2025-03-05T11:45:54.621+01:00  WARN 90011 --- [gestionlocations] [           main] iguration$LoadBalancerCaffeineWarnLogger : Spring Cloud LoadBalancer is currently working with the default cache. While this cache implementation is useful for development and tests, it's recommended to use Caffeine cache in production.You can switch to using Caffeine cache, by adding it and org.springframework.cache.caffeine.CaffeineCacheManager to the classpath.
2025-03-05T11:45:54.682+01:00  INFO 90011 --- [gestionlocations] [           main] o.s.b.a.e.web.EndpointLinksResolver      : Exposing 1 endpoint beneath base path '/actuator'
2025-03-05T11:45:54.783+01:00  INFO 90011 --- [gestionlocations] [           main] c.p.g.GestionlocationsApplicationTests   : Started GestionlocationsApplicationTests in 6.592 seconds (process running for 7.996)
]]></system-out>
  </testcase>
</testsuite>